<?xml version="1.0" encoding="UTF-8"?>
<!-- Generated by org.testng.reporters.JUnitReportReporter -->
<testsuite hostname="DESKTOP-1126Q63" failures="0" tests="5" name="org.example.MyfirstDemo.Sample" time="20.814" errors="0" timestamp="2024-04-03T23:21:03 IST" skipped="0">
  <testcase classname="org.example.MyfirstDemo.Sample" name="testCheckFooterLinks" time="6.761"/>
  <system-out/>
  <testcase classname="org.example.MyfirstDemo.Sample" name="testAmazonTitle" time="2.926"/>
  <system-out/>
  <testcase classname="org.example.MyfirstDemo.Sample" name="testGoogleTitle" time="2.050"/>
  <system-out/>
  <testcase classname="org.example.MyfirstDemo.Sample" name="testCricBuzzTitle" time="3.816"/>
  <system-out/>
  <testcase classname="org.example.MyfirstDemo.Sample" name="testNavigateToAboutPage" time="5.261"/>
  <system-out/>
</testsuite> <!-- org.example.MyfirstDemo.Sample -->
