<?xml version="1.0" encoding="UTF-8"?>
<!-- Generated by org.testng.reporters.JUnitReportReporter -->
<testsuite hostname="DESKTOP-1126Q63" failures="0" tests="5" name="org.example.MyfirstDemo.Sample" time="15.877" errors="0" timestamp="2024-04-07T13:51:13 IST" skipped="0">
  <testcase classname="org.example.MyfirstDemo.Sample" name="testNavigateToAboutPage" time="3.703"/>
  <system-out/>
  <testcase classname="org.example.MyfirstDemo.Sample" name="testCheckFooterLinks" time="4.431"/>
  <system-out/>
  <testcase classname="org.example.MyfirstDemo.Sample" name="testCricBuzzTitle" time="2.498"/>
  <system-out/>
  <testcase classname="org.example.MyfirstDemo.Sample" name="testGoogleTitle" time="2.510"/>
  <system-out/>
  <testcase classname="org.example.MyfirstDemo.Sample" name="testAmazonTitle" time="2.735"/>
  <system-out/>
</testsuite> <!-- org.example.MyfirstDemo.Sample -->
