<?xml version="1.0" encoding="UTF-8"?>
<!-- Generated by org.testng.reporters.JUnitReportReporter -->
<testsuite hostname="DESKTOP-1126Q63" failures="0" tests="1" name="org.example.MyfirstDemo.AppTest" time="0.001" errors="0" timestamp="2024-04-07T13:51:13 IST" skipped="0">
  <testcase classname="org.example.MyfirstDemo.AppTest" name="shouldAnswerWithTrue" time="0.001"/>
  <system-out/>
</testsuite> <!-- org.example.MyfirstDemo.AppTest -->
